<?xml version="1.0" encoding="UTF-8"?>
<testsuite name="Chrome_120742112_Linux.TrouveurPerformanceTest" errors="0" failures="0" tests="4" time="32.488">
<testcase classname="Chrome_120742112_Linux.TrouveurPerformanceTest" name="testFindPerformanceUsingWikipediaPage" time="8.219"/>
<testcase classname="Chrome_120742112_Linux.TrouveurPerformanceTest" name="testReplacePerformanceUsingWikipediaPage" time="7.955"/>
<testcase classname="Chrome_120742112_Linux.TrouveurPerformanceTest" name="testCountPerformanceUsingWikipediaPage" time="8.112"/>
<testcase classname="Chrome_120742112_Linux.TrouveurPerformanceTest" name="testHighlightPerformanceUsingWikipediaPage" time="8.202"/>
<system-out><![CDATA[[LOG] 
[LOG] --- Trouveur.find ---
[LOG] 3969
[LOG] 4213[LOG] 
[LOG] --- Trouveur.replace ---
[LOG] 3979
[LOG] 3944[LOG] 
[LOG] --- Trouveur.count ---
[LOG] 3896
[LOG] 4189[LOG] 
[LOG] --- Trouveur.highlight ---
[LOG] 3952
[LOG] 4225]]></system-out>
</testsuite>
