<?xml version="1.0" encoding="UTF-8"?>
<testsuite name="Chrome_120742112_Linux.TrouveurTest" errors="0" failures="0" tests="135" time="5.788">
<testcase classname="Chrome_120742112_Linux.TrouveurTest" name="testFindUsesDefaultOptionsWhenPassingNoOptions" time="0.0040"/>
<testcase classname="Chrome_120742112_Linux.TrouveurTest" name="testCountUsesDefaultOptionsWhenPassingNoOptions" time="0.0040"/>
<testcase classname="Chrome_120742112_Linux.TrouveurTest" name="testReplaceUsesDefaultOptionsWhenPassingNoOptions" time="0.0020"/>
<testcase classname="Chrome_120742112_Linux.TrouveurTest" name="testHighlightUsesDefaultOptionsWhenPassingNoOptions" time="0.0010"/>
<testcase classname="Chrome_120742112_Linux.TrouveurTest" name="testFindThrowsExceptionWhenPassingNoArguments" time="0.0010"/>
<testcase classname="Chrome_120742112_Linux.TrouveurTest" name="testCountThrowsExceptionWhenPassingNoArguments" time="0.0"/>
<testcase classname="Chrome_120742112_Linux.TrouveurTest" name="testReplaceThrowsExceptionWhenPassingNoArguments" time="0.0"/>
<testcase classname="Chrome_120742112_Linux.TrouveurTest" name="testHighlightThrowsExceptionWhenPassingNoArguments" time="0.0"/>
<testcase classname="Chrome_120742112_Linux.TrouveurTest" name="testFindThrowsInvalidArgumentErrorWhenPassingNullText" time="0.0010"/>
<testcase classname="Chrome_120742112_Linux.TrouveurTest" name="testCountThrowsInvalidArgumentErrorWhenPassingNullText" time="0.0"/>
<testcase classname="Chrome_120742112_Linux.TrouveurTest" name="testReplaceThrowsInvalidArgumentErrorWhenPassingNullText" time="0.0"/>
<testcase classname="Chrome_120742112_Linux.TrouveurTest" name="testHighlightThrowsInvalidArgumentErrorWhenPassingNullText" time="0.0010"/>
<testcase classname="Chrome_120742112_Linux.TrouveurTest" name="testFindThrowsInvalidArgumentErrorWhenPassingNonStringText" time="0.0"/>
<testcase classname="Chrome_120742112_Linux.TrouveurTest" name="testCountThrowsInvalidArgumentErrorWhenPassingNonStringText" time="0.0"/>
<testcase classname="Chrome_120742112_Linux.TrouveurTest" name="testReplaceThrowsInvalidArgumentErrorWhenPassingNonStringText" time="0.0"/>
<testcase classname="Chrome_120742112_Linux.TrouveurTest" name="testHighlightThrowsInvalidArgumentErrorWhenPassingNonStringText" time="0.0010"/>
<testcase classname="Chrome_120742112_Linux.TrouveurTest" name="testFindThrowsInvalidArgumentErrorWhenPassingEmptyText" time="0.0"/>
<testcase classname="Chrome_120742112_Linux.TrouveurTest" name="testCountThrowsInvalidArgumentErrorWhenPassingEmptyText" time="0.0"/>
<testcase classname="Chrome_120742112_Linux.TrouveurTest" name="testReplaceThrowsInvalidArgumentErrorWhenPassingEmptyText" time="0.0"/>
<testcase classname="Chrome_120742112_Linux.TrouveurTest" name="testHighlightThrowsInvalidArgumentErrorWhenPassingEmptyText" time="0.0010"/>
<testcase classname="Chrome_120742112_Linux.TrouveurTest" name="testFindThrowsInvalidArgumentErrorWhenPassingNullElement" time="0.0"/>
<testcase classname="Chrome_120742112_Linux.TrouveurTest" name="testCountThrowsInvalidArgumentErrorWhenPassingNullElement" time="0.0"/>
<testcase classname="Chrome_120742112_Linux.TrouveurTest" name="testReplaceThrowsInvalidArgumentErrorWhenPassingNullElement" time="0.0"/>
<testcase classname="Chrome_120742112_Linux.TrouveurTest" name="testHighlightThrowsInvalidArgumentErrorWhenPassingNullElement" time="0.0"/>
<testcase classname="Chrome_120742112_Linux.TrouveurTest" name="testFindThrowsInvalidArgumentErrorWhenPassingInvalidElement" time="0.0010"/>
<testcase classname="Chrome_120742112_Linux.TrouveurTest" name="testCountThrowsInvalidArgumentErrorWhenPassingInvalidElement" time="0.0"/>
<testcase classname="Chrome_120742112_Linux.TrouveurTest" name="testReplaceThrowsInvalidArgumentErrorWhenPassingInvalidElement" time="0.0"/>
<testcase classname="Chrome_120742112_Linux.TrouveurTest" name="testHighlightThrowsInvalidArgumentErrorWhenPassingInvalidElement" time="0.0"/>
<testcase classname="Chrome_120742112_Linux.TrouveurTest" name="testFindThrowsInvalidArgumentErrorWhenPassingNullOptions" time="0.0010"/>
<testcase classname="Chrome_120742112_Linux.TrouveurTest" name="testCountThrowsInvalidArgumentErrorWhenPassingNullOptions" time="0.0"/>
<testcase classname="Chrome_120742112_Linux.TrouveurTest" name="testReplaceThrowsInvalidArgumentErrorWhenPassingNullOptions" time="0.0"/>
<testcase classname="Chrome_120742112_Linux.TrouveurTest" name="testHighlightThrowsInvalidArgumentErrorWhenPassingNullOptions" time="0.0"/>
<testcase classname="Chrome_120742112_Linux.TrouveurTest" name="testFindThrowsInvalidArgumentErrorWhenPassingInvalidOptionsObject" time="0.0010"/>
<testcase classname="Chrome_120742112_Linux.TrouveurTest" name="testCountThrowsInvalidArgumentErrorWhenPassingInvalidOptionsObject" time="0.0"/>
<testcase classname="Chrome_120742112_Linux.TrouveurTest" name="testReplaceThrowsInvalidArgumentErrorWhenPassingInvalidOptionsObject" time="0.0"/>
<testcase classname="Chrome_120742112_Linux.TrouveurTest" name="testHighlightThrowsInvalidArgumentErrorWhenPassingInvalidOptionsObject" time="0.0"/>
<testcase classname="Chrome_120742112_Linux.TrouveurTest" name="testFindThrowsInvalidArgumentErrorWhenPassingInvalidReturnType" time="0.0010"/>
<testcase classname="Chrome_120742112_Linux.TrouveurTest" name="testCountIgnoresPassingInvalidReturnType" time="0.0010"/>
<testcase classname="Chrome_120742112_Linux.TrouveurTest" name="testReplaceThrowsInvalidArgumentErrorWhenPassingInvalidReturnType" time="0.0"/>
<testcase classname="Chrome_120742112_Linux.TrouveurTest" name="testReplaceThrowsInvalidArgumentErrorWhenPassingNullReplacement" time="0.0"/>
<testcase classname="Chrome_120742112_Linux.TrouveurTest" name="testReplaceThrowsInvalidArgumentErrorWhenPassingInvalidReplacement" time="0.0010"/>
<testcase classname="Chrome_120742112_Linux.TrouveurTest" name="testCount_000" time="0.0040"/>
<testcase classname="Chrome_120742112_Linux.TrouveurTest" name="testCount_001" time="0.0060"/>
<testcase classname="Chrome_120742112_Linux.TrouveurTest" name="testCount_010" time="0.176"/>
<testcase classname="Chrome_120742112_Linux.TrouveurTest" name="testCount_011" time="0.16"/>
<testcase classname="Chrome_120742112_Linux.TrouveurTest" name="testCount_100" time="0.0040"/>
<testcase classname="Chrome_120742112_Linux.TrouveurTest" name="testCount_101" time="0.0050"/>
<testcase classname="Chrome_120742112_Linux.TrouveurTest" name="testCount_110" time="0.355"/>
<testcase classname="Chrome_120742112_Linux.TrouveurTest" name="testCount_111" time="0.338"/>
<testcase classname="Chrome_120742112_Linux.TrouveurTest" name="testFind_000_fn" time="0.0040"/>
<testcase classname="Chrome_120742112_Linux.TrouveurTest" name="testFind_001_fn" time="0.0020"/>
<testcase classname="Chrome_120742112_Linux.TrouveurTest" name="testFind_010_fn" time="0.093"/>
<testcase classname="Chrome_120742112_Linux.TrouveurTest" name="testFind_011_fn" time="0.097"/>
<testcase classname="Chrome_120742112_Linux.TrouveurTest" name="testFind_100_fn" time="0.0010"/>
<testcase classname="Chrome_120742112_Linux.TrouveurTest" name="testFind_101_fn" time="0.0030"/>
<testcase classname="Chrome_120742112_Linux.TrouveurTest" name="testFind_110_fn" time="0.076"/>
<testcase classname="Chrome_120742112_Linux.TrouveurTest" name="testFind_111_fn" time="0.101"/>
<testcase classname="Chrome_120742112_Linux.TrouveurTest" name="testFind_000_an" time="0.0030"/>
<testcase classname="Chrome_120742112_Linux.TrouveurTest" name="testFind_001_an" time="0.0020"/>
<testcase classname="Chrome_120742112_Linux.TrouveurTest" name="testFind_010_an" time="0.094"/>
<testcase classname="Chrome_120742112_Linux.TrouveurTest" name="testFind_011_an" time="0.099"/>
<testcase classname="Chrome_120742112_Linux.TrouveurTest" name="testFind_100_an" time="0.0020"/>
<testcase classname="Chrome_120742112_Linux.TrouveurTest" name="testFind_101_an" time="0.0020"/>
<testcase classname="Chrome_120742112_Linux.TrouveurTest" name="testFind_110_an" time="0.074"/>
<testcase classname="Chrome_120742112_Linux.TrouveurTest" name="testFind_111_an" time="0.082"/>
<testcase classname="Chrome_120742112_Linux.TrouveurTest" name="testFind_000_aon" time="0.0030"/>
<testcase classname="Chrome_120742112_Linux.TrouveurTest" name="testFind_001_aon" time="0.0020"/>
<testcase classname="Chrome_120742112_Linux.TrouveurTest" name="testFind_010_aon" time="0.111"/>
<testcase classname="Chrome_120742112_Linux.TrouveurTest" name="testFind_011_aon" time="0.111"/>
<testcase classname="Chrome_120742112_Linux.TrouveurTest" name="testFind_100_aon" time="0.0020"/>
<testcase classname="Chrome_120742112_Linux.TrouveurTest" name="testFind_101_aon" time="0.0030"/>
<testcase classname="Chrome_120742112_Linux.TrouveurTest" name="testFind_110_aon" time="0.235"/>
<testcase classname="Chrome_120742112_Linux.TrouveurTest" name="testFind_111_aon" time="0.238"/>
<testcase classname="Chrome_120742112_Linux.TrouveurTest" name="testFind_000_aun" time="0.0020"/>
<testcase classname="Chrome_120742112_Linux.TrouveurTest" name="testFind_001_aun" time="0.0030"/>
<testcase classname="Chrome_120742112_Linux.TrouveurTest" name="testFind_010_aun" time="0.11"/>
<testcase classname="Chrome_120742112_Linux.TrouveurTest" name="testFind_011_aun" time="0.111"/>
<testcase classname="Chrome_120742112_Linux.TrouveurTest" name="testFind_100_aun" time="0.0020"/>
<testcase classname="Chrome_120742112_Linux.TrouveurTest" name="testFind_101_aun" time="0.0030"/>
<testcase classname="Chrome_120742112_Linux.TrouveurTest" name="testFind_110_aun" time="0.248"/>
<testcase classname="Chrome_120742112_Linux.TrouveurTest" name="testFind_111_aun" time="0.254"/>
<testcase classname="Chrome_120742112_Linux.TrouveurTest" name="testReplace_000_fn" time="0.0020"/>
<testcase classname="Chrome_120742112_Linux.TrouveurTest" name="testReplace_001_fn" time="0.0030"/>
<testcase classname="Chrome_120742112_Linux.TrouveurTest" name="testReplace_010_fn" time="0.095"/>
<testcase classname="Chrome_120742112_Linux.TrouveurTest" name="testReplace_011_fn" time="0.109"/>
<testcase classname="Chrome_120742112_Linux.TrouveurTest" name="testReplace_100_fn" time="0.0030"/>
<testcase classname="Chrome_120742112_Linux.TrouveurTest" name="testReplace_101_fn" time="0.0030"/>
<testcase classname="Chrome_120742112_Linux.TrouveurTest" name="testReplace_110_fn" time="0.1"/>
<testcase classname="Chrome_120742112_Linux.TrouveurTest" name="testReplace_111_fn" time="0.077"/>
<testcase classname="Chrome_120742112_Linux.TrouveurTest" name="testReplace_000_an" time="0.0020"/>
<testcase classname="Chrome_120742112_Linux.TrouveurTest" name="testReplace_001_an" time="0.0020"/>
<testcase classname="Chrome_120742112_Linux.TrouveurTest" name="testReplace_010_an" time="0.093"/>
<testcase classname="Chrome_120742112_Linux.TrouveurTest" name="testReplace_011_an" time="0.092"/>
<testcase classname="Chrome_120742112_Linux.TrouveurTest" name="testReplace_100_an" time="0.0030"/>
<testcase classname="Chrome_120742112_Linux.TrouveurTest" name="testReplace_101_an" time="0.0020"/>
<testcase classname="Chrome_120742112_Linux.TrouveurTest" name="testReplace_110_an" time="0.075"/>
<testcase classname="Chrome_120742112_Linux.TrouveurTest" name="testReplace_111_an" time="0.077"/>
<testcase classname="Chrome_120742112_Linux.TrouveurTest" name="testReplace_000_aon" time="0.0020"/>
<testcase classname="Chrome_120742112_Linux.TrouveurTest" name="testReplace_001_aon" time="0.0030"/>
<testcase classname="Chrome_120742112_Linux.TrouveurTest" name="testReplace_010_aon" time="0.11"/>
<testcase classname="Chrome_120742112_Linux.TrouveurTest" name="testReplace_011_aon" time="0.11"/>
<testcase classname="Chrome_120742112_Linux.TrouveurTest" name="testReplace_100_aon" time="0.0030"/>
<testcase classname="Chrome_120742112_Linux.TrouveurTest" name="testReplace_101_aon" time="0.0040"/>
<testcase classname="Chrome_120742112_Linux.TrouveurTest" name="testReplace_110_aon" time="0.235"/>
<testcase classname="Chrome_120742112_Linux.TrouveurTest" name="testReplace_111_aon" time="0.236"/>
<testcase classname="Chrome_120742112_Linux.TrouveurTest" name="testReplace_000_aun" time="0.0030"/>
<testcase classname="Chrome_120742112_Linux.TrouveurTest" name="testReplace_001_aun" time="0.0020"/>
<testcase classname="Chrome_120742112_Linux.TrouveurTest" name="testReplace_010_aun" time="0.11"/>
<testcase classname="Chrome_120742112_Linux.TrouveurTest" name="testReplace_011_aun" time="0.11"/>
<testcase classname="Chrome_120742112_Linux.TrouveurTest" name="testReplace_100_aun" time="0.0030"/>
<testcase classname="Chrome_120742112_Linux.TrouveurTest" name="testReplace_101_aun" time="0.0030"/>
<testcase classname="Chrome_120742112_Linux.TrouveurTest" name="testReplace_110_aun" time="0.236"/>
<testcase classname="Chrome_120742112_Linux.TrouveurTest" name="testReplace_111_aun" time="0.238"/>
<testcase classname="Chrome_120742112_Linux.TrouveurTest" name="testHighlight_00" time="0.0040"/>
<testcase classname="Chrome_120742112_Linux.TrouveurTest" name="testHighlight_01" time="0.111"/>
<testcase classname="Chrome_120742112_Linux.TrouveurTest" name="testHighlight_10" time="0.0040"/>
<testcase classname="Chrome_120742112_Linux.TrouveurTest" name="testHighlight_11" time="0.237"/>
<testcase classname="Chrome_120742112_Linux.TrouveurTest" name="testUnhighlightThrowsInvalidArgumentErrorWhenPassingNullHTMLElement" time="0.0"/>
<testcase classname="Chrome_120742112_Linux.TrouveurTest" name="testUnhighlightThrowsInvalidArgumentErrorWhenPassingInvalidHTMLElement" time="0.0010"/>
<testcase classname="Chrome_120742112_Linux.TrouveurTest" name="testFindThenUnhighlight" time="0.0010"/>
<testcase classname="Chrome_120742112_Linux.TrouveurTest" name="testCountThenUnhighlight" time="0.0010"/>
<testcase classname="Chrome_120742112_Linux.TrouveurTest" name="testReplaceThenUnhighlight" time="0.0010"/>
<testcase classname="Chrome_120742112_Linux.TrouveurTest" name="testHighlightThenUnhighlight" time="0.0010"/>
<testcase classname="Chrome_120742112_Linux.TrouveurTest" name="testFindPassedOptionsObjectNotModified" time="0.0010"/>
<testcase classname="Chrome_120742112_Linux.TrouveurTest" name="testCountPassedOptionsObjectNotModified" time="0.0"/>
<testcase classname="Chrome_120742112_Linux.TrouveurTest" name="testReplacePassedOptionsObjectNotModified" time="0.0"/>
<testcase classname="Chrome_120742112_Linux.TrouveurTest" name="testVersionExists" time="0.0"/>
<testcase classname="Chrome_120742112_Linux.TrouveurTest" name="testFindTextContainedInExcludedElementsNotMatched" time="0.0040"/>
<testcase classname="Chrome_120742112_Linux.TrouveurTest" name="testCountTextContainedInExcludedElementsNotMatched" time="0.0010"/>
<testcase classname="Chrome_120742112_Linux.TrouveurTest" name="testReplaceTextContainedInExcludedElementsNotMatched" time="0.0010"/>
<testcase classname="Chrome_120742112_Linux.TrouveurTest" name="testHighlightTextContainedInExcludedElementsNotMatched" time="0.0010"/>
<testcase classname="Chrome_120742112_Linux.TrouveurTest" name="testFindHandlersNotRemoved" time="0.01"/>
<testcase classname="Chrome_120742112_Linux.TrouveurTest" name="testCountHandlersNotRemoved" time="0.0070"/>
<testcase classname="Chrome_120742112_Linux.TrouveurTest" name="testReplaceHandlersNotRemoved" time="0.0060"/>
<testcase classname="Chrome_120742112_Linux.TrouveurTest" name="testHighlightHandlersNotRemoved" time="0.0070"/>
</testsuite>
