<?xml version="1.0" encoding="UTF-8"?>
<testsuite name="Chrome_140835202_Linux.TrouveurPerformanceTest" errors="0" failures="0" tests="4" time="25.352999">
<testcase classname="Chrome_140835202_Linux.TrouveurPerformanceTest" name="testFindPerformanceUsingWikipediaPage" time="6.436"/>
<testcase classname="Chrome_140835202_Linux.TrouveurPerformanceTest" name="testReplacePerformanceUsingWikipediaPage" time="6.174"/>
<testcase classname="Chrome_140835202_Linux.TrouveurPerformanceTest" name="testCountPerformanceUsingWikipediaPage" time="6.351"/>
<testcase classname="Chrome_140835202_Linux.TrouveurPerformanceTest" name="testHighlightPerformanceUsingWikipediaPage" time="6.392"/>
<system-out><![CDATA[[LOG] 
[LOG] --- Trouveur.find ---
[LOG] 3102
[LOG] 3293[LOG] 
[LOG] --- Trouveur.replace ---
[LOG] 3081
[LOG] 3074[LOG] 
[LOG] --- Trouveur.count ---
[LOG] 3055
[LOG] 3275[LOG] 
[LOG] --- Trouveur.highlight ---
[LOG] 3061
[LOG] 3310]]></system-out>
</testsuite>
