<?xml version="1.0" encoding="UTF-8"?>
<testsuite name="Firefox_60_Linux.TrouveurPerformanceTest" errors="0" failures="0" tests="4" time="22.405">
<testcase classname="Firefox_60_Linux.TrouveurPerformanceTest" name="testFindPerformanceUsingWikipediaPage" time="5.21"/>
<testcase classname="Firefox_60_Linux.TrouveurPerformanceTest" name="testReplacePerformanceUsingWikipediaPage" time="5.105"/>
<testcase classname="Firefox_60_Linux.TrouveurPerformanceTest" name="testCountPerformanceUsingWikipediaPage" time="6.129"/>
<testcase classname="Firefox_60_Linux.TrouveurPerformanceTest" name="testHighlightPerformanceUsingWikipediaPage" time="5.961"/>
<system-out><![CDATA[[LOG] 
[LOG] --- Trouveur.find ---
[LOG] 2783
[LOG] 2346[LOG] 
[LOG] --- Trouveur.replace ---
[LOG] 2261
[LOG] 2806[LOG] 
[LOG] --- Trouveur.count ---
[LOG] 2952
[LOG] 3136[LOG] 
[LOG] --- Trouveur.highlight ---
[LOG] 2856
[LOG] 3056]]></system-out>
</testsuite>
